{"name":"Test06 - Verify Avatar Icon","status":"failed","statusDetails":{"known":false,"muted":false,"flaky":false,"message":"Error comparing Image File:FindFailed: C:\\\\automation\\\\FinalProject\\\\ImageRepository\\\\GrafanaAvatar.png: (52x44) in R[0,0 1920x1080]@S(0)\n  Line 2287, in file Region.java\n","trace":"java.lang.AssertionError: Error comparing Image File:FindFailed: C:\\\\automation\\\\FinalProject\\\\ImageRepository\\\\GrafanaAvatar.png: (52x44) in R[0,0 1920x1080]@S(0)\n  Line 2287, in file Region.java\n\r\n\tat org.testng.AssertJUnit.fail(AssertJUnit.java:47)\r\n\tat extensions.Verifications.visualElement(Verifications.java:45)\r\n\tat sanity.grafanaWeb.test06_VerifyAvatarIcon(grafanaWeb.java:57)\r\n\tat sun.reflect.NativeMethodAccessorImpl.invoke0(Native Method)\r\n\tat sun.reflect.NativeMethodAccessorImpl.invoke(NativeMethodAccessorImpl.java:62)\r\n\tat sun.reflect.DelegatingMethodAccessorImpl.invoke(DelegatingMethodAccessorImpl.java:43)\r\n\tat java.lang.reflect.Method.invoke(Method.java:498)\r\n\tat org.testng.internal.MethodInvocationHelper.invokeMethod(MethodInvocationHelper.java:133)\r\n\tat org.testng.internal.TestInvoker.invokeMethod(TestInvoker.java:584)\r\n\tat org.testng.internal.TestInvoker.invokeTestMethod(TestInvoker.java:172)\r\n\tat org.testng.internal.MethodRunner.runInSequence(MethodRunner.java:46)\r\n\tat org.testng.internal.TestInvoker$MethodInvocationAgent.invoke(TestInvoker.java:804)\r\n\tat org.testng.internal.TestInvoker.invokeTestMethods(TestInvoker.java:145)\r\n\tat org.testng.internal.TestMethodWorker.invokeTestMethods(TestMethodWorker.java:146)\r\n\tat org.testng.internal.TestMethodWorker.run(TestMethodWorker.java:128)\r\n\tat java.util.ArrayList.forEach(ArrayList.java:1257)\r\n\tat org.testng.TestRunner.privateRun(TestRunner.java:770)\r\n\tat org.testng.TestRunner.run(TestRunner.java:591)\r\n\tat org.testng.SuiteRunner.runTest(SuiteRunner.java:402)\r\n\tat org.testng.SuiteRunner.runSequentially(SuiteRunner.java:396)\r\n\tat org.testng.SuiteRunner.privateRun(SuiteRunner.java:355)\r\n\tat org.testng.SuiteRunner.run(SuiteRunner.java:304)\r\n\tat org.testng.SuiteRunnerWorker.runSuite(SuiteRunnerWorker.java:53)\r\n\tat org.testng.SuiteRunnerWorker.run(SuiteRunnerWorker.java:96)\r\n\tat org.testng.TestNG.runSuitesSequentially(TestNG.java:1180)\r\n\tat org.testng.TestNG.runSuitesLocally(TestNG.java:1102)\r\n\tat org.testng.TestNG.runSuites(TestNG.java:1032)\r\n\tat org.testng.TestNG.run(TestNG.java:1000)\r\n\tat org.apache.maven.surefire.testng.TestNGExecutor.run(TestNGExecutor.java:283)\r\n\tat org.apache.maven.surefire.testng.TestNGXmlTestSuite.execute(TestNGXmlTestSuite.java:75)\r\n\tat org.apache.maven.surefire.testng.TestNGProvider.invoke(TestNGProvider.java:120)\r\n\tat org.apache.maven.surefire.booter.ForkedBooter.invokeProviderInSameClassLoader(ForkedBooter.java:384)\r\n\tat org.apache.maven.surefire.booter.ForkedBooter.runSuitesInProcess(ForkedBooter.java:345)\r\n\tat org.apache.maven.surefire.booter.ForkedBooter.execute(ForkedBooter.java:126)\r\n\tat org.apache.maven.surefire.booter.ForkedBooter.main(ForkedBooter.java:418)\r\n"},"stage":"finished","description":"This test verifies the avatar image using Sikuli tool","steps":[{"name":"Verify Element Visually","status":"failed","statusDetails":{"known":false,"muted":false,"flaky":false,"message":"Error comparing Image File:FindFailed: C:\\\\automation\\\\FinalProject\\\\ImageRepository\\\\GrafanaAvatar.png: (52x44) in R[0,0 1920x1080]@S(0)\n  Line 2287, in file Region.java\n","trace":"java.lang.AssertionError: Error comparing Image File:FindFailed: C:\\\\automation\\\\FinalProject\\\\ImageRepository\\\\GrafanaAvatar.png: (52x44) in R[0,0 1920x1080]@S(0)\n  Line 2287, in file Region.java\n\r\n\tat org.testng.AssertJUnit.fail(AssertJUnit.java:47)\r\n\tat extensions.Verifications.visualElement(Verifications.java:45)\r\n\tat sanity.grafanaWeb.test06_VerifyAvatarIcon(grafanaWeb.java:57)\r\n\tat sun.reflect.NativeMethodAccessorImpl.invoke0(Native Method)\r\n\tat sun.reflect.NativeMethodAccessorImpl.invoke(NativeMethodAccessorImpl.java:62)\r\n\tat sun.reflect.DelegatingMethodAccessorImpl.invoke(DelegatingMethodAccessorImpl.java:43)\r\n\tat java.lang.reflect.Method.invoke(Method.java:498)\r\n\tat org.testng.internal.MethodInvocationHelper.invokeMethod(MethodInvocationHelper.java:133)\r\n\tat org.testng.internal.TestInvoker.invokeMethod(TestInvoker.java:584)\r\n\tat org.testng.internal.TestInvoker.invokeTestMethod(TestInvoker.java:172)\r\n\tat org.testng.internal.MethodRunner.runInSequence(MethodRunner.java:46)\r\n\tat org.testng.internal.TestInvoker$MethodInvocationAgent.invoke(TestInvoker.java:804)\r\n\tat org.testng.internal.TestInvoker.invokeTestMethods(TestInvoker.java:145)\r\n\tat org.testng.internal.TestMethodWorker.invokeTestMethods(TestMethodWorker.java:146)\r\n\tat org.testng.internal.TestMethodWorker.run(TestMethodWorker.java:128)\r\n\tat java.util.ArrayList.forEach(ArrayList.java:1257)\r\n\tat org.testng.TestRunner.privateRun(TestRunner.java:770)\r\n\tat org.testng.TestRunner.run(TestRunner.java:591)\r\n\tat org.testng.SuiteRunner.runTest(SuiteRunner.java:402)\r\n\tat org.testng.SuiteRunner.runSequentially(SuiteRunner.java:396)\r\n\tat org.testng.SuiteRunner.privateRun(SuiteRunner.java:355)\r\n\tat org.testng.SuiteRunner.run(SuiteRunner.java:304)\r\n\tat org.testng.SuiteRunnerWorker.runSuite(SuiteRunnerWorker.java:53)\r\n\tat org.testng.SuiteRunnerWorker.run(SuiteRunnerWorker.java:96)\r\n\tat org.testng.TestNG.runSuitesSequentially(TestNG.java:1180)\r\n\tat org.testng.TestNG.runSuitesLocally(TestNG.java:1102)\r\n\tat org.testng.TestNG.runSuites(TestNG.java:1032)\r\n\tat org.testng.TestNG.run(TestNG.java:1000)\r\n\tat org.apache.maven.surefire.testng.TestNGExecutor.run(TestNGExecutor.java:283)\r\n\tat org.apache.maven.surefire.testng.TestNGXmlTestSuite.execute(TestNGXmlTestSuite.java:75)\r\n\tat org.apache.maven.surefire.testng.TestNGProvider.invoke(TestNGProvider.java:120)\r\n\tat org.apache.maven.surefire.booter.ForkedBooter.invokeProviderInSameClassLoader(ForkedBooter.java:384)\r\n\tat org.apache.maven.surefire.booter.ForkedBooter.runSuitesInProcess(ForkedBooter.java:345)\r\n\tat org.apache.maven.surefire.booter.ForkedBooter.execute(ForkedBooter.java:126)\r\n\tat org.apache.maven.surefire.booter.ForkedBooter.main(ForkedBooter.java:418)\r\n"},"stage":"finished","steps":[],"attachments":[],"parameters":[{"name":"expectedImageName","value":"GrafanaAvatar"}],"start":1653928346785,"stop":1653928348202}],"attachments":[{"name":"Page Screen-Shot","source":"b7fe7fdb-6a6d-4031-b456-4da36e963bef-attachment","type":"image/png"}],"parameters":[{"name":"PlatformName","value":"web"}],"start":1653928346785,"stop":1653928348597,"uuid":"9310da80-bfa9-4739-8047-a5f985bdea6d","historyId":"5153994a43923100839edf066138216","fullName":"sanity.grafanaWeb.test06_VerifyAvatarIcon","labels":[{"name":"package","value":"sanity.grafanaWeb"},{"name":"testClass","value":"sanity.grafanaWeb"},{"name":"testMethod","value":"test06_VerifyAvatarIcon"},{"name":"parentSuite","value":"Web Suite"},{"name":"suite","value":"Web tests"},{"name":"subSuite","value":"sanity.grafanaWeb"},{"name":"host","value":"LAPTOP-2UU0DCVI"},{"name":"thread","value":"4352@LAPTOP-2UU0DCVI.main(1)"},{"name":"framework","value":"testng"},{"name":"language","value":"java"}],"links":[]}